{"R:\\OMS\\mobile\\src\\shared\\hooks\\useTheme.ts": {"path":"R:\\OMS\\mobile\\src\\shared\\hooks\\useTheme.ts","statementMap":{"0":{"start":{"line":16,"column":24},"end":{"line":36,"column":1}},"1":{"start":{"line":17,"column":28},"end":{"line":17,"column":44}},"2":{"start":{"line":18,"column":20},"end":{"line":18,"column":61}},"3":{"start":{"line":18,"column":45},"end":{"line":18,"column":60}},"4":{"start":{"line":19,"column":20},"end":{"line":19,"column":61}},"5":{"start":{"line":19,"column":45},"end":{"line":19,"column":60}},"6":{"start":{"line":20,"column":23},"end":{"line":20,"column":67}},"7":{"start":{"line":20,"column":48},"end":{"line":20,"column":66}},"8":{"start":{"line":22,"column":23},"end":{"line":22,"column":51}},"9":{"start":{"line":23,"column":17},"end":{"line":23,"column":77}},"10":{"start":{"line":24,"column":17},"end":{"line":24,"column":40}},"11":{"start":{"line":26,"column":2},"end":{"line":35,"column":4}}},"fnMap":{"0":{"name":"(anonymous_0)","decl":{"start":{"line":16,"column":24},"end":{"line":16,"column":25}},"loc":{"start":{"line":16,"column":46},"end":{"line":36,"column":1}},"line":16},"1":{"name":"(anonymous_1)","decl":{"start":{"line":18,"column":34},"end":{"line":18,"column":35}},"loc":{"start":{"line":18,"column":45},"end":{"line":18,"column":60}},"line":18},"2":{"name":"(anonymous_2)","decl":{"start":{"line":19,"column":34},"end":{"line":19,"column":35}},"loc":{"start":{"line":19,"column":45},"end":{"line":19,"column":60}},"line":19},"3":{"name":"(anonymous_3)","decl":{"start":{"line":20,"column":37},"end":{"line":20,"column":38}},"loc":{"start":{"line":20,"column":48},"end":{"line":20,"column":66}},"line":20}},"branchMap":{"0":{"loc":{"start":{"line":23,"column":17},"end":{"line":23,"column":77}},"type":"cond-expr","locations":[{"start":{"line":23,"column":42},"end":{"line":23,"column":54}},{"start":{"line":23,"column":57},"end":{"line":23,"column":77}}],"line":23}},"s":{"0":6,"1":46,"2":46,"3":141,"4":46,"5":141,"6":46,"7":141,"8":46,"9":46,"10":46,"11":46},"f":{"0":46,"1":141,"2":141,"3":141},"b":{"0":[45,1]},"_coverageSchema":"1a1c01bbd47fc00a2c39e90264f33305004495a9","hash":"e43ca2e37e3ac27add2bbbbe66862e5e2092112d"}
,"R:\\OMS\\mobile\\src\\shared\\store\\offlineStore.ts": {"path":"R:\\OMS\\mobile\\src\\shared\\store\\offlineStore.ts","statementMap":{"0":{"start":{"line":30,"column":31},"end":{"line":66,"column":3}},"1":{"start":{"line":30,"column":67},"end":{"line":66,"column":1}},"2":{"start":{"line":36,"column":4},"end":{"line":36,"column":46}},"3":{"start":{"line":40,"column":38},"end":{"line":44,"column":5}},"4":{"start":{"line":46,"column":25},"end":{"line":46,"column":53}},"5":{"start":{"line":47,"column":4},"end":{"line":47,"column":33}},"6":{"start":{"line":48,"column":4},"end":{"line":48,"column":66}},"7":{"start":{"line":52,"column":25},"end":{"line":52,"column":67}},"8":{"start":{"line":52,"column":53},"end":{"line":52,"column":66}},"9":{"start":{"line":53,"column":4},"end":{"line":53,"column":33}},"10":{"start":{"line":54,"column":4},"end":{"line":54,"column":66}},"11":{"start":{"line":58,"column":4},"end":{"line":58,"column":23}},"12":{"start":{"line":59,"column":4},"end":{"line":59,"column":55}},"13":{"start":{"line":63,"column":23},"end":{"line":63,"column":87}},"14":{"start":{"line":64,"column":4},"end":{"line":64,"column":37}}},"fnMap":{"0":{"name":"(anonymous_0)","decl":{"start":{"line":30,"column":52},"end":{"line":30,"column":53}},"loc":{"start":{"line":30,"column":67},"end":{"line":66,"column":1}},"line":30},"1":{"name":"(anonymous_1)","decl":{"start":{"line":35,"column":23},"end":{"line":35,"column":24}},"loc":{"start":{"line":35,"column":61},"end":{"line":37,"column":3}},"line":35},"2":{"name":"(anonymous_2)","decl":{"start":{"line":39,"column":14},"end":{"line":39,"column":15}},"loc":{"start":{"line":39,"column":33},"end":{"line":49,"column":3}},"line":39},"3":{"name":"(anonymous_3)","decl":{"start":{"line":51,"column":19},"end":{"line":51,"column":20}},"loc":{"start":{"line":51,"column":33},"end":{"line":55,"column":3}},"line":51},"4":{"name":"(anonymous_4)","decl":{"start":{"line":52,"column":44},"end":{"line":52,"column":45}},"loc":{"start":{"line":52,"column":53},"end":{"line":52,"column":66}},"line":52},"5":{"name":"(anonymous_5)","decl":{"start":{"line":57,"column":14},"end":{"line":57,"column":15}},"loc":{"start":{"line":57,"column":26},"end":{"line":60,"column":3}},"line":57},"6":{"name":"(anonymous_6)","decl":{"start":{"line":62,"column":13},"end":{"line":62,"column":14}},"loc":{"start":{"line":62,"column":25},"end":{"line":65,"column":3}},"line":62}},"branchMap":{"0":{"loc":{"start":{"line":64,"column":17},"end":{"line":64,"column":33}},"type":"binary-expr","locations":[{"start":{"line":64,"column":17},"end":{"line":64,"column":27}},{"start":{"line":64,"column":31},"end":{"line":64,"column":33}}],"line":64}},"s":{"0":6,"1":6,"2":1,"3":3,"4":3,"5":3,"6":3,"7":1,"8":1,"9":1,"10":1,"11":1,"12":1,"13":2,"14":2},"f":{"0":6,"1":1,"2":3,"3":1,"4":1,"5":1,"6":2},"b":{"0":[2,1]},"_coverageSchema":"1a1c01bbd47fc00a2c39e90264f33305004495a9","hash":"2ee8b1cb0596b11ad608f64d9064de1518e46dc4"}
,"R:\\OMS\\mobile\\src\\shared\\store\\themeStore.ts": {"path":"R:\\OMS\\mobile\\src\\shared\\store\\themeStore.ts","statementMap":{"0":{"start":{"line":28,"column":29},"end":{"line":70,"column":3}},"1":{"start":{"line":28,"column":63},"end":{"line":70,"column":1}},"2":{"start":{"line":33,"column":4},"end":{"line":33,"column":29}},"3":{"start":{"line":34,"column":4},"end":{"line":34,"column":50}},"4":{"start":{"line":38,"column":4},"end":{"line":38,"column":38}},"5":{"start":{"line":39,"column":4},"end":{"line":43,"column":5}},"6":{"start":{"line":40,"column":6},"end":{"line":40,"column":61}},"7":{"start":{"line":42,"column":6},"end":{"line":42,"column":54}},"8":{"start":{"line":47,"column":42},"end":{"line":47,"column":47}},"9":{"start":{"line":48,"column":19},"end":{"line":48,"column":79}},"10":{"start":{"line":49,"column":23},"end":{"line":49,"column":70}},"11":{"start":{"line":51,"column":4},"end":{"line":53,"column":5}},"12":{"start":{"line":52,"column":6},"end":{"line":52,"column":50}},"13":{"start":{"line":54,"column":4},"end":{"line":56,"column":5}},"14":{"start":{"line":55,"column":6},"end":{"line":55,"column":54}},"15":{"start":{"line":58,"column":4},"end":{"line":58,"column":22}},"16":{"start":{"line":62,"column":22},"end":{"line":62,"column":83}},"17":{"start":{"line":63,"column":26},"end":{"line":63,"column":86}},"18":{"start":{"line":65,"column":4},"end":{"line":68,"column":7}}},"fnMap":{"0":{"name":"(anonymous_0)","decl":{"start":{"line":28,"column":48},"end":{"line":28,"column":49}},"loc":{"start":{"line":28,"column":63},"end":{"line":70,"column":1}},"line":28},"1":{"name":"(anonymous_1)","decl":{"start":{"line":32,"column":16},"end":{"line":32,"column":17}},"loc":{"start":{"line":32,"column":32},"end":{"line":35,"column":3}},"line":32},"2":{"name":"(anonymous_2)","decl":{"start":{"line":37,"column":21},"end":{"line":37,"column":22}},"loc":{"start":{"line":37,"column":41},"end":{"line":44,"column":3}},"line":37},"3":{"name":"(anonymous_3)","decl":{"start":{"line":46,"column":13},"end":{"line":46,"column":14}},"loc":{"start":{"line":46,"column":40},"end":{"line":59,"column":3}},"line":46},"4":{"name":"(anonymous_4)","decl":{"start":{"line":61,"column":21},"end":{"line":61,"column":22}},"loc":{"start":{"line":61,"column":33},"end":{"line":69,"column":3}},"line":61}},"branchMap":{"0":{"loc":{"start":{"line":39,"column":4},"end":{"line":43,"column":5}},"type":"if","locations":[{"start":{"line":39,"column":4},"end":{"line":43,"column":5}},{"start":{"line":41,"column":11},"end":{"line":43,"column":5}}],"line":39},"1":{"loc":{"start":{"line":48,"column":19},"end":{"line":48,"column":79}},"type":"cond-expr","locations":[{"start":{"line":48,"column":44},"end":{"line":48,"column":56}},{"start":{"line":48,"column":59},"end":{"line":48,"column":79}}],"line":48},"2":{"loc":{"start":{"line":49,"column":23},"end":{"line":49,"column":70}},"type":"cond-expr","locations":[{"start":{"line":49,"column":32},"end":{"line":49,"column":49}},{"start":{"line":49,"column":52},"end":{"line":49,"column":70}}],"line":49},"3":{"loc":{"start":{"line":51,"column":4},"end":{"line":53,"column":5}},"type":"if","locations":[{"start":{"line":51,"column":4},"end":{"line":53,"column":5}},{"start":{},"end":{}}],"line":51},"4":{"loc":{"start":{"line":54,"column":4},"end":{"line":56,"column":5}},"type":"if","locations":[{"start":{"line":54,"column":4},"end":{"line":56,"column":5}},{"start":{},"end":{}}],"line":54},"5":{"loc":{"start":{"line":66,"column":17},"end":{"line":66,"column":38}},"type":"binary-expr","locations":[{"start":{"line":66,"column":17},"end":{"line":66,"column":26}},{"start":{"line":66,"column":30},"end":{"line":66,"column":38}}],"line":66},"6":{"loc":{"start":{"line":67,"column":22},"end":{"line":67,"column":43}},"type":"binary-expr","locations":[{"start":{"line":67,"column":22},"end":{"line":67,"column":35}},{"start":{"line":67,"column":39},"end":{"line":67,"column":43}}],"line":67}},"s":{"0":7,"1":7,"2":1,"3":1,"4":4,"5":4,"6":3,"7":1,"8":48,"9":48,"10":48,"11":48,"12":4,"13":48,"14":3,"15":48,"16":2,"17":2,"18":2},"f":{"0":7,"1":1,"2":4,"3":48,"4":2},"b":{"0":[3,1],"1":[47,1],"2":[2,46],"3":[4,44],"4":[3,45],"5":[2,1],"6":[2,1]},"_coverageSchema":"1a1c01bbd47fc00a2c39e90264f33305004495a9","hash":"a536d4372b56414bd23383c294addf35dd6c69f1"}
,"R:\\OMS\\mobile\\src\\shared\\utils\\format.ts": {"path":"R:\\OMS\\mobile\\src\\shared\\utils\\format.ts","statementMap":{"0":{"start":{"line":6,"column":25},"end":{"line":20,"column":1}},"1":{"start":{"line":7,"column":2},"end":{"line":7,"column":60}},"2":{"start":{"line":7,"column":45},"end":{"line":7,"column":60}},"3":{"start":{"line":8,"column":14},"end":{"line":8,"column":67}},"4":{"start":{"line":9,"column":2},"end":{"line":9,"column":33}},"5":{"start":{"line":9,"column":18},"end":{"line":9,"column":33}},"6":{"start":{"line":11,"column":2},"end":{"line":19,"column":3}},"7":{"start":{"line":12,"column":4},"end":{"line":16,"column":19}},"8":{"start":{"line":18,"column":4},"end":{"line":18,"column":70}}},"fnMap":{"0":{"name":"(anonymous_0)","decl":{"start":{"line":6,"column":25},"end":{"line":6,"column":26}},"loc":{"start":{"line":6,"column":72},"end":{"line":20,"column":1}},"line":6}},"branchMap":{"0":{"loc":{"start":{"line":7,"column":2},"end":{"line":7,"column":60}},"type":"if","locations":[{"start":{"line":7,"column":2},"end":{"line":7,"column":60}},{"start":{},"end":{}}],"line":7},"1":{"loc":{"start":{"line":7,"column":6},"end":{"line":7,"column":43}},"type":"binary-expr","locations":[{"start":{"line":7,"column":6},"end":{"line":7,"column":25}},{"start":{"line":7,"column":29},"end":{"line":7,"column":43}}],"line":7},"2":{"loc":{"start":{"line":8,"column":14},"end":{"line":8,"column":67}},"type":"cond-expr","locations":[{"start":{"line":8,"column":42},"end":{"line":8,"column":59}},{"start":{"line":8,"column":62},"end":{"line":8,"column":67}}],"line":8},"3":{"loc":{"start":{"line":9,"column":2},"end":{"line":9,"column":33}},"type":"if","locations":[{"start":{"line":9,"column":2},"end":{"line":9,"column":33}},{"start":{},"end":{}}],"line":9}},"s":{"0":1,"1":6,"2":2,"3":4,"4":4,"5":1,"6":3,"7":3,"8":0},"f":{"0":6},"b":{"0":[2,4],"1":[6,5],"2":[2,2],"3":[1,3]},"_coverageSchema":"1a1c01bbd47fc00a2c39e90264f33305004495a9","hash":"ade91e9786f50e79d492cdec26c200a009d45e15"}
}
