TN:
SF:src\shared\hooks\useTheme.ts
FN:16,(anonymous_0)
FN:18,(anonymous_1)
FN:19,(anonymous_2)
FN:20,(anonymous_3)
FNF:4
FNH:4
FNDA:46,(anonymous_0)
FNDA:141,(anonymous_1)
FNDA:141,(anonymous_2)
FNDA:141,(anonymous_3)
DA:16,6
DA:17,46
DA:18,141
DA:19,141
DA:20,141
DA:22,46
DA:23,46
DA:24,46
DA:26,46
LF:9
LH:9
BRDA:23,0,0,45
BRDA:23,0,1,1
BRF:2
BRH:2
end_of_record
TN:
SF:src\shared\store\offlineStore.ts
FN:30,(anonymous_0)
FN:35,(anonymous_1)
FN:39,(anonymous_2)
FN:51,(anonymous_3)
FN:52,(anonymous_4)
FN:57,(anonymous_5)
FN:62,(anonymous_6)
FNF:7
FNH:7
FNDA:6,(anonymous_0)
FNDA:1,(anonymous_1)
FNDA:3,(anonymous_2)
FNDA:1,(anonymous_3)
FNDA:1,(anonymous_4)
FNDA:1,(anonymous_5)
FNDA:2,(anonymous_6)
DA:30,6
DA:36,1
DA:40,3
DA:46,3
DA:47,3
DA:48,3
DA:52,1
DA:53,1
DA:54,1
DA:58,1
DA:59,1
DA:63,2
DA:64,2
LF:13
LH:13
BRDA:64,0,0,2
BRDA:64,0,1,1
BRF:2
BRH:2
end_of_record
TN:
SF:src\shared\store\themeStore.ts
FN:28,(anonymous_0)
FN:32,(anonymous_1)
FN:37,(anonymous_2)
FN:46,(anonymous_3)
FN:61,(anonymous_4)
FNF:5
FNH:5
FNDA:7,(anonymous_0)
FNDA:1,(anonymous_1)
FNDA:4,(anonymous_2)
FNDA:48,(anonymous_3)
FNDA:2,(anonymous_4)
DA:28,7
DA:33,1
DA:34,1
DA:38,4
DA:39,4
DA:40,3
DA:42,1
DA:47,48
DA:48,48
DA:49,48
DA:51,48
DA:52,4
DA:54,48
DA:55,3
DA:58,48
DA:62,2
DA:63,2
DA:65,2
LF:18
LH:18
BRDA:39,0,0,3
BRDA:39,0,1,1
BRDA:48,1,0,47
BRDA:48,1,1,1
BRDA:49,2,0,2
BRDA:49,2,1,46
BRDA:51,3,0,4
BRDA:51,3,1,44
BRDA:54,4,0,3
BRDA:54,4,1,45
BRDA:66,5,0,2
BRDA:66,5,1,1
BRDA:67,6,0,2
BRDA:67,6,1,1
BRF:14
BRH:14
end_of_record
TN:
SF:src\shared\utils\format.ts
FN:6,(anonymous_0)
FNF:1
FNH:1
FNDA:6,(anonymous_0)
DA:6,1
DA:7,6
DA:8,4
DA:9,4
DA:11,3
DA:12,3
DA:18,0
LF:7
LH:6
BRDA:7,0,0,2
BRDA:7,0,1,4
BRDA:7,1,0,6
BRDA:7,1,1,5
BRDA:8,2,0,2
BRDA:8,2,1,2
BRDA:9,3,0,1
BRDA:9,3,1,3
BRF:8
BRH:8
end_of_record
